<?xml version="1.0" encoding="UTF-8"?>
<!-- Generated by org.testng.reporters.JUnitXMLReporter -->
<testsuite ignored="5" hostname="Mahmoud-Abdelre" failures="0" tests="3" name="SC10 - Shopping Page" time="21.083" errors="0" timestamp="2024-06-11T11:28:18 EEST">
  <testcase classname="testcases.TC0_HomePage" name="CheckLoginLinks" time="3.964"/>
  <testcase classname="testcases.TC01_Login" name="LoginPageWithValidData_P" time="3.57"/>
  <testcase classname="testcases.TC10_ShoppingCartPage" name="ClickShoppingCart" time="10.467"/>
  <testcase classname="testcases.TC0_HomePage" name="CheckRegisterLinks" time="0.0">
    <ignored/>
  </testcase> <!-- CheckRegisterLinks -->
  <testcase classname="testcases.Testbase" name="@AfterTest tearDown" time="0.0">
    <ignored/>
  </testcase> <!-- @AfterTest tearDown -->
  <testcase classname="testcases.Testbase" name="@BeforeTest setupDriver" time="0.0">
    <ignored/>
  </testcase> <!-- @BeforeTest setupDriver -->
  <testcase classname="testcases.Testbase" name="@BeforeTest setupDriver" time="0.0">
    <ignored/>
  </testcase> <!-- @BeforeTest setupDriver -->
  <testcase classname="testcases.Testbase" name="@AfterTest tearDown" time="0.0">
    <ignored/>
  </testcase> <!-- @AfterTest tearDown -->
</testsuite> <!-- SC10 - Shopping Page -->
