<?xml version="1.0" encoding="UTF-8"?>
<!-- Generated by org.testng.reporters.JUnitXMLReporter -->
<testsuite ignored="7" hostname="Mahmoud-Abdelre" failures="0" tests="5" name="SC11 - Checkout Page" time="36.283" errors="0" timestamp="2024-06-11T11:28:54 EEST">
  <testcase classname="testcases.TC0_HomePage" name="CheckLoginLinks" time="4.016"/>
  <testcase classname="testcases.TC01_Login" name="LoginPageWithValidData_P" time="3.528"/>
  <testcase classname="testcases.TC10_ShoppingCartPage" name="ClickShoppingCart" time="10.188"/>
  <testcase classname="testcases.TC11_Checkout" name="selectCheckbox" time="8.159"/>
  <testcase classname="testcases.TC11_Checkout" name="SelectCheckoutButton" time="6.823"/>
  <testcase classname="testcases.TC0_HomePage" name="CheckRegisterLinks" time="0.0">
    <ignored/>
  </testcase> <!-- CheckRegisterLinks -->
  <testcase classname="testcases.Testbase" name="@AfterTest tearDown" time="0.0">
    <ignored/>
  </testcase> <!-- @AfterTest tearDown -->
  <testcase classname="testcases.Testbase" name="@AfterTest tearDown" time="0.0">
    <ignored/>
  </testcase> <!-- @AfterTest tearDown -->
  <testcase classname="testcases.Testbase" name="@BeforeTest setupDriver" time="0.0">
    <ignored/>
  </testcase> <!-- @BeforeTest setupDriver -->
  <testcase classname="testcases.Testbase" name="@AfterTest tearDown" time="0.0">
    <ignored/>
  </testcase> <!-- @AfterTest tearDown -->
  <testcase classname="testcases.Testbase" name="@BeforeTest setupDriver" time="0.0">
    <ignored/>
  </testcase> <!-- @BeforeTest setupDriver -->
  <testcase classname="testcases.Testbase" name="@BeforeTest setupDriver" time="0.0">
    <ignored/>
  </testcase> <!-- @BeforeTest setupDriver -->
</testsuite> <!-- SC11 - Checkout Page -->
