<?xml version="1.0" encoding="UTF-8"?>
<!-- Generated by org.testng.reporters.JUnitXMLReporter -->
<testsuite ignored="9" hostname="Mahmoud-Abdelre" failures="0" tests="7" name="SC12 - Billing Page" time="61.602" errors="0" timestamp="2024-06-11T11:29:56 EEST">
  <testcase classname="testcases.TC0_HomePage" name="CheckLoginLinks" time="4.369"/>
  <testcase classname="testcases.TC01_Login" name="LoginPageWithValidData_P" time="3.589"/>
  <testcase classname="testcases.TC10_ShoppingCartPage" name="ClickShoppingCart" time="10.348"/>
  <testcase classname="testcases.TC11_Checkout" name="selectCheckbox" time="8.17"/>
  <testcase classname="testcases.TC11_Checkout" name="SelectCheckoutButton" time="6.814"/>
  <testcase classname="testcases.TC12_BillingAddress" name="enterBillingData" time="18.891"/>
  <testcase classname="testcases.TC12_BillingAddress" name="successOrder" time="6.632"/>
  <testcase classname="testcases.Testbase" name="@BeforeTest setupDriver" time="0.0">
    <ignored/>
  </testcase> <!-- @BeforeTest setupDriver -->
  <testcase classname="testcases.Testbase" name="@AfterTest tearDown" time="0.0">
    <ignored/>
  </testcase> <!-- @AfterTest tearDown -->
  <testcase classname="testcases.Testbase" name="@AfterTest tearDown" time="0.0">
    <ignored/>
  </testcase> <!-- @AfterTest tearDown -->
  <testcase classname="testcases.Testbase" name="@BeforeTest setupDriver" time="0.0">
    <ignored/>
  </testcase> <!-- @BeforeTest setupDriver -->
  <testcase classname="testcases.Testbase" name="@BeforeTest setupDriver" time="0.0">
    <ignored/>
  </testcase> <!-- @BeforeTest setupDriver -->
  <testcase classname="testcases.TC0_HomePage" name="CheckRegisterLinks" time="0.0">
    <ignored/>
  </testcase> <!-- CheckRegisterLinks -->
  <testcase classname="testcases.Testbase" name="@AfterTest tearDown" time="0.0">
    <ignored/>
  </testcase> <!-- @AfterTest tearDown -->
  <testcase classname="testcases.Testbase" name="@BeforeTest setupDriver" time="0.0">
    <ignored/>
  </testcase> <!-- @BeforeTest setupDriver -->
  <testcase classname="testcases.Testbase" name="@AfterTest tearDown" time="0.0">
    <ignored/>
  </testcase> <!-- @AfterTest tearDown -->
</testsuite> <!-- SC12 - Billing Page -->
