<?xml version="1.0" encoding="UTF-8"?>
<!-- Generated by org.testng.reporters.JUnitXMLReporter -->
<testsuite ignored="3" hostname="Mahmoud-Abdelre" failures="0" tests="2" name="SC2-Check Register New User on chrome" time="20.697" errors="0" timestamp="2024-06-04T16:42:08 EEST">
  <testcase classname="testcases.TC0_HomePage" name="CheckRegisterLinks" time="4.106"/>
  <testcase classname="testcases.TC02_Registration" name="registerNewUserWithValidData_P" time="11.801"/>
  <testcase classname="testcases.Testbase" name="@BeforeTest setupDriver" time="0.0">
    <ignored/>
  </testcase> <!-- @BeforeTest setupDriver -->
  <testcase classname="testcases.Testbase" name="@AfterTest tearDown" time="0.0">
    <ignored/>
  </testcase> <!-- @AfterTest tearDown -->
  <testcase classname="testcases.TC0_HomePage" name="CheckLoginLinks" time="0.0">
    <ignored/>
  </testcase> <!-- CheckLoginLinks -->
</testsuite> <!-- SC2-Check Register New User on chrome -->
