<?xml version="1.0" encoding="UTF-8"?>
<!-- Generated by org.testng.reporters.JUnitXMLReporter -->
<testsuite ignored="5" hostname="Mahmoud-Abdelre" failures="0" tests="3" name="SC3-Check Login With Valid Credentials " time="31.277" errors="0" timestamp="2024-06-04T16:42:39 EEST">
  <testcase classname="testcases.TC0_HomePage" name="CheckLoginLinks" time="4.284"/>
  <testcase classname="testcases.TC01_Login" name="LoginPageWithValidData_P" time="11.242"/>
  <testcase classname="testcases.TC_Logout" name="LogoutPage" time="11.214"/>
  <testcase classname="testcases.Testbase" name="@AfterTest tearDown" time="0.0">
    <ignored/>
  </testcase> <!-- @AfterTest tearDown -->
  <testcase classname="testcases.Testbase" name="@BeforeTest setupDriver" time="0.0">
    <ignored/>
  </testcase> <!-- @BeforeTest setupDriver -->
  <testcase classname="testcases.Testbase" name="@AfterTest tearDown" time="0.0">
    <ignored/>
  </testcase> <!-- @AfterTest tearDown -->
  <testcase classname="testcases.TC0_HomePage" name="CheckRegisterLinks" time="0.0">
    <ignored/>
  </testcase> <!-- CheckRegisterLinks -->
  <testcase classname="testcases.Testbase" name="@BeforeTest setupDriver" time="0.0">
    <ignored/>
  </testcase> <!-- @BeforeTest setupDriver -->
</testsuite> <!-- SC3-Check Login With Valid Credentials  -->
