<?xml version="1.0" encoding="UTF-8"?>
<!-- Generated by org.testng.reporters.JUnitXMLReporter -->
<testsuite ignored="5" hostname="Mahmoud-Abdelre" failures="0" tests="3" name="SC4-Check Search Criteria " time="32.47" errors="0" timestamp="2024-06-04T16:43:12 EEST">
  <testcase classname="testcases.TC0_HomePage" name="CheckLoginLinks" time="3.962"/>
  <testcase classname="testcases.TC01_Login" name="LoginPageWithValidData_P" time="11.253"/>
  <testcase classname="testcases.TC03_SearchFunction" name="SearchProducts" time="11.372"/>
  <testcase classname="testcases.Testbase" name="@AfterTest tearDown" time="0.0">
    <ignored/>
  </testcase> <!-- @AfterTest tearDown -->
  <testcase classname="testcases.Testbase" name="@BeforeTest setupDriver" time="0.0">
    <ignored/>
  </testcase> <!-- @BeforeTest setupDriver -->
  <testcase classname="testcases.TC0_HomePage" name="CheckRegisterLinks" time="0.0">
    <ignored/>
  </testcase> <!-- CheckRegisterLinks -->
  <testcase classname="testcases.Testbase" name="@AfterTest tearDown" time="0.0">
    <ignored/>
  </testcase> <!-- @AfterTest tearDown -->
  <testcase classname="testcases.Testbase" name="@BeforeTest setupDriver" time="0.0">
    <ignored/>
  </testcase> <!-- @BeforeTest setupDriver -->
</testsuite> <!-- SC4-Check Search Criteria  -->
