<?xml version="1.0" encoding="UTF-8"?>
<!-- Generated by org.testng.reporters.JUnitXMLReporter -->
<testsuite ignored="4" hostname="Mahmoud-Abdelre" failures="0" tests="1" name="SC5-Check Forget Password Link " time="8.974" errors="0" timestamp="2024-06-04T16:40:19 EEST">
  <testcase classname="testcases.TC0_HomePage" name="CheckLoginLinks" time="3.919"/>
  <testcase classname="testcases.Testbase" name="@BeforeTest setupDriver" time="0.0">
    <ignored/>
  </testcase> <!-- @BeforeTest setupDriver -->
  <testcase classname="testcases.TC0_HomePage" name="CheckRegisterLinks" time="0.0">
    <ignored/>
  </testcase> <!-- CheckRegisterLinks -->
  <testcase classname="testcases.Testbase" name="@AfterTest tearDown" time="0.0">
    <ignored/>
  </testcase> <!-- @AfterTest tearDown -->
  <testcase classname="testcases.TC04_ForgetPassword" name="CheckForgetPasswordLink" time="0.0">
    <ignored/>
  </testcase> <!-- CheckForgetPasswordLink -->
</testsuite> <!-- SC5-Check Forget Password Link  -->
