<?xml version="1.0" encoding="UTF-8"?>
<!-- Generated by org.testng.reporters.JUnitXMLReporter -->
<testsuite ignored="5" hostname="Mahmoud-Abdelre" failures="0" tests="3" name="SC6-Check Recover Email " time="17.824" errors="0" timestamp="2024-06-04T16:43:38 EEST">
  <testcase classname="testcases.TC0_HomePage" name="CheckLoginLinks" time="3.869"/>
  <testcase classname="testcases.TC04_ForgetPassword" name="CheckForgetPasswordLink" time="4.71"/>
  <testcase classname="testcases.TC04_RecoverPassword" name="RecoverPassword" time="4.799"/>
  <testcase classname="testcases.Testbase" name="@BeforeTest setupDriver" time="0.0">
    <ignored/>
  </testcase> <!-- @BeforeTest setupDriver -->
  <testcase classname="testcases.Testbase" name="@BeforeTest setupDriver" time="0.0">
    <ignored/>
  </testcase> <!-- @BeforeTest setupDriver -->
  <testcase classname="testcases.Testbase" name="@AfterTest tearDown" time="0.0">
    <ignored/>
  </testcase> <!-- @AfterTest tearDown -->
  <testcase classname="testcases.TC0_HomePage" name="CheckRegisterLinks" time="0.0">
    <ignored/>
  </testcase> <!-- CheckRegisterLinks -->
  <testcase classname="testcases.Testbase" name="@AfterTest tearDown" time="0.0">
    <ignored/>
  </testcase> <!-- @AfterTest tearDown -->
</testsuite> <!-- SC6-Check Recover Email  -->
