<?xml version="1.0" encoding="UTF-8"?>
<!-- Generated by org.testng.reporters.JUnitXMLReporter -->
<testsuite ignored="5" hostname="Mahmoud-Abdelre" failures="0" tests="3" name="SC7-Select Random Category" time="66.246" errors="0" timestamp="2024-06-05T00:15:34 EEST">
  <testcase classname="testcases.TC0_HomePage" name="CheckRegisterLinks" time="5.787"/>
  <testcase classname="testcases.TC02_Registration" name="registerNewUserWithValidData_P" time="12.134"/>
  <testcase classname="testcases.TC07_Category" name="ChooseRandomCategory" time="20.32"/>
  <testcase classname="testcases.Testbase" name="@AfterTest tearDown" time="0.0">
    <ignored/>
  </testcase> <!-- @AfterTest tearDown -->
  <testcase classname="testcases.Testbase" name="@BeforeTest setupDriver" time="0.0">
    <ignored/>
  </testcase> <!-- @BeforeTest setupDriver -->
  <testcase classname="testcases.Testbase" name="@BeforeTest setupDriver" time="0.0">
    <ignored/>
  </testcase> <!-- @BeforeTest setupDriver -->
  <testcase classname="testcases.Testbase" name="@AfterTest tearDown" time="0.0">
    <ignored/>
  </testcase> <!-- @AfterTest tearDown -->
  <testcase classname="testcases.TC0_HomePage" name="CheckLoginLinks" time="0.0">
    <ignored/>
  </testcase> <!-- CheckLoginLinks -->
</testsuite> <!-- SC7-Select Random Category -->
