<?xml version="1.0" encoding="UTF-8"?>
<!-- Generated by org.testng.reporters.JUnitXMLReporter -->
<testsuite ignored="7" hostname="Mahmoud-Abdelre" failures="0" tests="4" name="SC7-Select Certain Category" time="71.909" errors="0" timestamp="2024-06-05T17:11:58 EEST">
  <testcase classname="testcases.TC0_HomePage" name="CheckRegisterLinks" time="4.017"/>
  <testcase classname="testcases.TC02_Registration" name="registerNewUserWithValidData_P" time="12.01"/>
  <testcase classname="testcases.TC05_Category" name="ChooseCategory" time="11.023"/>
  <testcase classname="testcases.TC07_SelectCertainBook" name="selectBook" time="40.137"/>
  <testcase classname="testcases.Testbase" name="@BeforeTest setupDriver" time="0.0">
    <ignored/>
  </testcase> <!-- @BeforeTest setupDriver -->
  <testcase classname="testcases.Testbase" name="@BeforeTest setupDriver" time="0.0">
    <ignored/>
  </testcase> <!-- @BeforeTest setupDriver -->
  <testcase classname="testcases.TC0_HomePage" name="CheckLoginLinks" time="0.0">
    <ignored/>
  </testcase> <!-- CheckLoginLinks -->
  <testcase classname="testcases.Testbase" name="@AfterTest tearDown" time="0.0">
    <ignored/>
  </testcase> <!-- @AfterTest tearDown -->
  <testcase classname="testcases.Testbase" name="@BeforeTest setupDriver" time="0.0">
    <ignored/>
  </testcase> <!-- @BeforeTest setupDriver -->
  <testcase classname="testcases.Testbase" name="@AfterTest tearDown" time="0.0">
    <ignored/>
  </testcase> <!-- @AfterTest tearDown -->
  <testcase classname="testcases.Testbase" name="@AfterTest tearDown" time="0.0">
    <ignored/>
  </testcase> <!-- @AfterTest tearDown -->
</testsuite> <!-- SC7-Select Certain Category -->
