<?xml version="1.0" encoding="UTF-8"?>
<!-- Generated by org.testng.reporters.JUnitXMLReporter -->
<testsuite ignored="9" hostname="Mahmoud-Abdelre" failures="0" tests="5" name="SC9 - Add to Cart" time="23.341" errors="0" timestamp="2024-06-11T11:27:57 EEST">
  <testcase classname="testcases.TC0_HomePage" name="CheckLoginLinks" time="3.979"/>
  <testcase classname="testcases.TC01_Login" name="LoginPageWithValidData_P" time="3.573"/>
  <testcase classname="testcases.TC05_Category" name="ChooseCategory" time="3.354"/>
  <testcase classname="testcases.TC07_SelectCertainBook" name="selectBook" time="5.151"/>
  <testcase classname="testcases.TC09_AddToCart" name="AddToCard" time="4.123"/>
  <testcase classname="testcases.Testbase" name="@BeforeTest setupDriver" time="0.0">
    <ignored/>
  </testcase> <!-- @BeforeTest setupDriver -->
  <testcase classname="testcases.Testbase" name="@BeforeTest setupDriver" time="0.0">
    <ignored/>
  </testcase> <!-- @BeforeTest setupDriver -->
  <testcase classname="testcases.Testbase" name="@AfterTest tearDown" time="0.0">
    <ignored/>
  </testcase> <!-- @AfterTest tearDown -->
  <testcase classname="testcases.Testbase" name="@AfterTest tearDown" time="0.0">
    <ignored/>
  </testcase> <!-- @AfterTest tearDown -->
  <testcase classname="testcases.Testbase" name="@BeforeTest setupDriver" time="0.0">
    <ignored/>
  </testcase> <!-- @BeforeTest setupDriver -->
  <testcase classname="testcases.Testbase" name="@AfterTest tearDown" time="0.0">
    <ignored/>
  </testcase> <!-- @AfterTest tearDown -->
  <testcase classname="testcases.Testbase" name="@BeforeTest setupDriver" time="0.0">
    <ignored/>
  </testcase> <!-- @BeforeTest setupDriver -->
  <testcase classname="testcases.TC0_HomePage" name="CheckRegisterLinks" time="0.0">
    <ignored/>
  </testcase> <!-- CheckRegisterLinks -->
  <testcase classname="testcases.Testbase" name="@AfterTest tearDown" time="0.0">
    <ignored/>
  </testcase> <!-- @AfterTest tearDown -->
</testsuite> <!-- SC9 - Add to Cart -->
