<?xml version="1.0" encoding="UTF-8"?>
<!-- Generated by org.testng.reporters.JUnitXMLReporter -->
<testsuite ignored="0" hostname="Mahmoud-Abdelre" failures="0" tests="3" name="SC12- Create successful Order" time="25.08" errors="0" timestamp="2024-05-17T20:59:24 EEST">
  <testcase classname="testcases.TC12_SuccessShopping" name="loginWithValidData_P" time="7.561"/>
  <testcase classname="testcases.TC12_SuccessShopping" name="SelectItem" time="7.258"/>
  <testcase classname="testcases.TC12_SuccessShopping" name="CompleteChipping" time="6.399"/>
</testsuite> <!-- SC12- Create successful Order -->
