<?xml version="1.0" encoding="UTF-8"?>
<!-- Generated by org.testng.reporters.JUnitXMLReporter -->
<testsuite ignored="3" hostname="Mahmoud-Abdelre" failures="0" tests="1" name="SC7-Logged user could select Random Categories" time="4.625" errors="0" timestamp="2024-05-18T20:09:31 EEST">
  <testcase classname="testcases.TC07_Category" name="ChooseRandomCategory" time="1.066"/>
  <testcase classname="testcases.Testbase" name="@AfterTest teardown" time="0.0">
    <ignored/>
  </testcase> <!-- @AfterTest teardown -->
  <testcase classname="testcases.TC01_Login" name="loginWithValidData_P" time="0.0">
    <ignored/>
  </testcase> <!-- loginWithValidData_P -->
  <testcase classname="testcases.Testbase" name="@BeforeTest setup" time="0.0">
    <ignored/>
  </testcase> <!-- @BeforeTest setup -->
</testsuite> <!-- SC7-Logged user could select Random Categories -->
