<?xml version="1.0" encoding="UTF-8"?>
<!-- Generated by org.testng.reporters.JUnitXMLReporter -->
<testsuite ignored="0" hostname="Mahmoud-Abdelre" failures="0" tests="3" name="SC9- Logged user could add different products to Shopping cart" time="82.391" errors="0" timestamp="2024-05-17T20:57:52 EEST">
  <testcase classname="testcases.TC09_AddToCart" name="loginWithValidData_P" time="67.837"/>
  <testcase classname="testcases.TC09_AddToCart" name="SelectItem" time="7.16"/>
  <testcase classname="testcases.TC09_AddToCart" name="AddCart" time="3.558"/>
</testsuite> <!-- SC9- Logged user could add different products to Shopping cart -->
