<?xml version="1.0" encoding="UTF-8"?>
<!-- Generated by org.testng.reporters.JUnitXMLReporter -->
<testsuite ignored="3" hostname="Mahmoud-Abdelre" failures="0" tests="2" name="SC1- User could register with valid data" time="23.142" errors="0" timestamp="2024-05-24T20:10:16 EEST">
  <testcase classname="testcases.TC01_HomePage" name="CheckRegisterLinks" time="3.883"/>
  <testcase classname="testcases.TC02_Registration" name="registerNewUserWithValidData_P" time="13.877"/>
  <testcase classname="testcases.Testbase" name="@BeforeTest setup" time="0.0">
    <ignored/>
  </testcase> <!-- @BeforeTest setup -->
  <testcase classname="testcases.Testbase" name="@AfterTest teardown" time="0.0">
    <ignored/>
  </testcase> <!-- @AfterTest teardown -->
  <testcase classname="testcases.TC01_HomePage" name="CheckLoginLinks" time="0.0">
    <ignored/>
  </testcase> <!-- CheckLoginLinks -->
</testsuite> <!-- SC1- User could register with valid data -->
