<?xml version="1.0" encoding="UTF-8"?>
<!-- Generated by org.testng.reporters.JUnitXMLReporter -->
<testsuite ignored="3" hostname="Mahmoud-Abdelre" failures="0" tests="2" name="SC2- User Login with valid data" time="8.346" errors="0" timestamp="2024-05-24T20:10:25 EEST">
  <testcase classname="testcases.TC01_HomePage" name="CheckLoginLinks" time="3.888"/>
  <testcase classname="testcases.TC01_LoginNew" name="LoginPageWithValidData_P" time="0.885"/>
  <testcase classname="testcases.TC01_HomePage" name="CheckRegisterLinks" time="0.0">
    <ignored/>
  </testcase> <!-- CheckRegisterLinks -->
  <testcase classname="testcases.Testbase" name="@BeforeTest setup" time="0.0">
    <ignored/>
  </testcase> <!-- @BeforeTest setup -->
  <testcase classname="testcases.Testbase" name="@AfterTest teardown" time="0.0">
    <ignored/>
  </testcase> <!-- @AfterTest teardown -->
</testsuite> <!-- SC2- User Login with valid data -->
