<?xml version="1.0" encoding="UTF-8"?>
<!-- Generated by org.testng.reporters.JUnitXMLReporter -->
<testsuite ignored="6" hostname="Mahmoud-Abdelre" failures="0" tests="2" name="SC2- User could log in with valid email and password" time="12.063" errors="0" timestamp="2024-05-22T18:53:03 EEST">
  <testcase classname="testcases.TC01_HomePage" name="CheckRegisterLinks" time="3.953"/>
  <testcase classname="testcases.TC02_Registration" name="registerNewUserWithValidData_P" time="4.79"/>
  <testcase classname="testcases.Testbase" name="@BeforeTest setup" time="0.0">
    <ignored/>
  </testcase> <!-- @BeforeTest setup -->
  <testcase classname="testcases.Testbase" name="@BeforeTest setup" time="0.0">
    <ignored/>
  </testcase> <!-- @BeforeTest setup -->
  <testcase classname="testcases.Testbase" name="@AfterTest teardown" time="0.0">
    <ignored/>
  </testcase> <!-- @AfterTest teardown -->
  <testcase classname="testcases.TC01_LoginNew" name="LoginPageWithValidData_P" time="0.0">
    <ignored/>
  </testcase> <!-- LoginPageWithValidData_P -->
  <testcase classname="testcases.TC01_HomePage" name="CheckLoginLinks" time="0.0">
    <ignored/>
  </testcase> <!-- CheckLoginLinks -->
  <testcase classname="testcases.Testbase" name="@AfterTest teardown" time="0.0">
    <ignored/>
  </testcase> <!-- @AfterTest teardown -->
</testsuite> <!-- SC2- User could log in with valid email and password -->
