<?xml version="1.0" encoding="UTF-8"?>
<!-- Generated by org.testng.reporters.JUnitXMLReporter -->
<testsuite ignored="1" hostname="Mahmoud-Abdelre" failures="0" tests="1" name="SC1-Check Register on Chrome" time="9.747" errors="0" timestamp="2024-06-03T22:50:46 EEST">
  <testcase classname="testcases.TC01_HomePage" name="CheckRegisterLinks" time="3.971"/>
  <testcase classname="testcases.TC01_HomePage" name="CheckLoginLinks" time="0.0">
    <ignored/>
  </testcase> <!-- CheckLoginLinks -->
</testsuite> <!-- SC1-Check Register on Chrome -->
