<?xml version="1.0" encoding="UTF-8"?>
<!-- Generated by org.testng.reporters.JUnitXMLReporter -->
<testsuite ignored="1" hostname="Mahmoud-Abdelre" failures="0" tests="1" name="SC1-Check Login link on chrome" time="10.413" errors="0" timestamp="2024-06-03T22:50:36 EEST">
  <testcase classname="testcases.TC01_HomePage" name="CheckLoginLinks" time="4.076"/>
  <testcase classname="testcases.TC01_HomePage" name="CheckRegisterLinks" time="0.0">
    <ignored/>
  </testcase> <!-- CheckRegisterLinks -->
</testsuite> <!-- SC1-Check Login link on chrome -->
